24
19
18
9
16
19
12
15
23
12
9
24
15
12
12
15
8
30
28
12
7
11
13
11
15
30
19
12
8
6
12
13
16
21
22
9
11
13
15
24
10
25
27
15
13
16
33
19
16
20
12
11
11
10
11
10
25
10
12
25
13
14
35
8
28
33
30
16
14
11
7
17
30
16
7
26
25
16
23
16
23
11
19
10
11
9
12
14
12
23
15
14
14
11
18
14
17
18
27
12
26
20
20
44
26
20
40
27
24
57
9
51
33
19
38
17
23
45
20
44
53
17
17
24
16
24
43
17
9
33
12
14
38
30
34
49
30
20
34
10
25
12
16
28
16
52
22
33
13
16
25
41
37
25
8
36
28
75
46
25
31
20
41
11
32
22
32
32
29
66
17
19
54
27
22
18
22
16
20
15
27
42
28
26
25
21
20
12
17
56
29
22
49
23
23
21
16
38
27
55
51
33
24
45
53
38
10
59
57
52
36
25
12
37
25
20
88
34
33
39
75
28
62
22
58
71
34
38
63
29
51
20
21
20
33
24
38
16
33
25
28
56
19
18
46
22
26
20
56
36
34
63
34
23
33
32
53
51
35
19
48
31
28
16
31
19
40
24
15
18
15
65
78
27
36
45
21
49
55
31
31
61
41
27
17
16
42
61
15
26
32
22
29
22
16
49
12
52
40
12
39
43
17
20
21
22
19
22
10
44
19
29
14
14
14
24
13
22
42
12
13
36
26
63
31
28
16
24
12
31
30
34
16
6
14
21
15
38
21
29
15
26
34
25
8
56
24
26
22
14
20
17
32
38
9
22
14
16
24
13
29
11
23
11
16
19
13
15
65
16
24
28
30
27
18
25
29
12
28
20
39
21
15
14
17
11
34
24
10
32
48
35
32
14
22
29
27
14
16
17
31
14
33
22
35
29
17
35
20
18
20
18
15
20
29
29
19
37
48
16
41
34
22
23
36
25
25
58
57
20
42
31
17
12
12
19
29
13
27
8
46
19
48
15
13
63
21
25
45
40
46
25
31
29
33
21
15
39
24
24
25
47
23
43
15
12
19
27
48
20
24
25
15
14
24
25
57
19
60
27
21
34
19
17
57
11
24
43
24
20
48
12
24
21
28
13
16
28
6
17
26
71
16
30
19
29
32
39
49
47
32
91
24
61
47
11
16
50
42
9
27
15
19
22
15
30
22
29
42
16
27
55
51
43
26
20
59
49
34
37
21
24
34
29
26
42
41
51
21
25
66
39
51
47
10
19
19
82
24
56
47
19
17
33
17
46
10
30
10
31
31
32
17
28
21
15
13
23
38
21
24
25
15
26
29
14
72
43
57
8
47
35
24
12
18
21
18
13
22
35
